<?xml version="1.0" encoding="UTF-8"?>
<!-- Generated by org.testng.reporters.JUnitXMLReporter -->
<testsuite ignored="0" hostname="DESKTOP-38Q9L5G" failures="0" tests="3" name="Default test" time="0.15" errors="0" timestamp="2025-07-04T13:21:12 IST">
  <testcase classname="com.githubdemo.TestClass" name="testHello" time="0.017"/>
  <testcase classname="com.githubdemo.TestClass" name="testMethod5" time="0.003"/>
  <testcase classname="com.githubdemo.TestClass" name="test2" time="0.002"/>
</testsuite> <!-- Default test -->
