<?xml version="1.0" encoding="UTF-8"?>
<testng-results ignored="0" total="4" passed="4" failed="0" skipped="0">
  <reporter-output>
  </reporter-output>
  <suite started-at="2025-07-04T13:10:13 IST" name="githubsuite" finished-at="2025-07-04T13:10:13 IST" duration-ms="96">
    <groups>
    </groups>
    <test started-at="2025-07-04T13:10:13 IST" name="githubtest" finished-at="2025-07-04T13:10:13 IST" duration-ms="96">
      <class name="com.githubdemo.TestClass2">
        <test-method signature="testClass3()[pri:0, instance:com.githubdemo.TestClass2@31368b99]" started-at="2025-07-04T13:10:13 IST" name="testClass3" finished-at="2025-07-04T13:10:13 IST" duration-ms="2" status="PASS">
          <reporter-output>
          </reporter-output>
        </test-method> <!-- testClass3 -->
        <test-method signature="testClass4()[pri:0, instance:com.githubdemo.TestClass2@31368b99]" started-at="2025-07-04T13:10:13 IST" name="testClass4" finished-at="2025-07-04T13:10:13 IST" duration-ms="2" status="PASS">
          <reporter-output>
          </reporter-output>
        </test-method> <!-- testClass4 -->
      </class> <!-- com.githubdemo.TestClass2 -->
      <class name="com.githubdemo.TestClass">
        <test-method signature="testHello()[pri:0, instance:com.githubdemo.TestClass@5c30a9b0]" started-at="2025-07-04T13:10:13 IST" name="testHello" finished-at="2025-07-04T13:10:13 IST" duration-ms="10" status="PASS">
          <reporter-output>
          </reporter-output>
        </test-method> <!-- testHello -->
        <test-method signature="test2()[pri:1, instance:com.githubdemo.TestClass@5c30a9b0]" started-at="2025-07-04T13:10:13 IST" name="test2" finished-at="2025-07-04T13:10:13 IST" duration-ms="1" status="PASS">
          <reporter-output>
          </reporter-output>
        </test-method> <!-- test2 -->
      </class> <!-- com.githubdemo.TestClass -->
    </test> <!-- githubtest -->
  </suite> <!-- githubsuite -->
</testng-results>
