<?xml version="1.0" encoding="UTF-8"?>
<!-- Generated by org.testng.reporters.JUnitXMLReporter -->
<testsuite ignored="0" hostname="DESKTOP-38Q9L5G" failures="0" tests="4" name="githubtest" time="0.169" errors="0" timestamp="2025-07-04T13:00:47 IST">
  <testcase classname="com.githubdemo.TestClass" name="testHello" time="0.014"/>
  <testcase classname="com.githubdemo.TestClass" name="test2" time="0.002"/>
  <testcase classname="com.githubdemo.TestClass2" name="testClass3" time="0.002"/>
  <testcase classname="com.githubdemo.TestClass2" name="testClass4" time="0.004"/>
</testsuite> <!-- githubtest -->
