<?xml version="1.0" encoding="UTF-8"?>
<testng-results ignored="0" total="3" passed="3" failed="0" skipped="0">
  <reporter-output>
  </reporter-output>
  <suite started-at="2025-07-04T13:21:12 IST" name="Default suite" finished-at="2025-07-04T13:21:12 IST" duration-ms="150">
    <groups>
    </groups>
    <test started-at="2025-07-04T13:21:12 IST" name="Default test" finished-at="2025-07-04T13:21:12 IST" duration-ms="150">
      <class name="com.githubdemo.TestClass">
        <test-method signature="testHello()[pri:0, instance:com.githubdemo.TestClass@272113c4]" started-at="2025-07-04T13:21:12 IST" name="testHello" finished-at="2025-07-04T13:21:12 IST" duration-ms="17" status="PASS">
          <reporter-output>
          </reporter-output>
        </test-method> <!-- testHello -->
        <test-method signature="testMethod5()[pri:0, instance:com.githubdemo.TestClass@272113c4]" started-at="2025-07-04T13:21:12 IST" name="testMethod5" finished-at="2025-07-04T13:21:12 IST" duration-ms="3" status="PASS">
          <reporter-output>
          </reporter-output>
        </test-method> <!-- testMethod5 -->
        <test-method signature="test2()[pri:1, instance:com.githubdemo.TestClass@272113c4]" started-at="2025-07-04T13:21:12 IST" name="test2" finished-at="2025-07-04T13:21:12 IST" duration-ms="2" status="PASS">
          <reporter-output>
          </reporter-output>
        </test-method> <!-- test2 -->
      </class> <!-- com.githubdemo.TestClass -->
    </test> <!-- Default test -->
  </suite> <!-- Default suite -->
</testng-results>
